<?xml version="1.0" encoding="UTF-8"?>
<!-- Generated by org.testng.reporters.JUnitXMLReporter -->
<testsuite ignored="0" hostname="DESKTOP-KADQSSG" failures="0" tests="5" name="Chrome Test" time="24.093" errors="0" timestamp="2022-10-08T14:03:57 IST">
  <testcase classname="VerificationTestNG.AllBrowser" name="CrossBrowserTesting" time="23.193"/>
  <testcase classname="VerificationTestNG.AllBrowser" name="VerifyCurrentUrl" time="0.024"/>
  <testcase classname="VerificationTestNG.AllBrowser" name="VerifyPageTitle" time="0.011"/>
  <testcase classname="VerificationTestNG.AllBrowser" name="VerifyUserNameField" time="0.41"/>
  <testcase classname="VerificationTestNG.AllBrowser" name="VerifyPassawardField" time="0.379"/>
</testsuite> <!-- Chrome Test -->
